[ 18.06.2019 - 14:21:10 ]
    (MSG) [2] in SMILExtract : openSMILE starting!
[ 18.06.2019 - 14:21:10 ]
    (MSG) [2] in SMILExtract : config file is: emobase2010_stream_B.conf
[ 18.06.2019 - 14:21:10 ]
    (MSG) [2] in cComponentManager : successfully registered 95 component types.
[ 18.06.2019 - 14:21:10 ]
    (WARN) [2] in instance 'lld.reader' : Inconsistency in input level parameters. growDyn on first (#1) input = 0, growDyn on input # 5 (pitch) = 1. This might cause the processing to hang unpredictably or cause incomplete processing.
[ 18.06.2019 - 14:21:10 ]
    (WARN) [2] in instance 'lld.reader' : Inconsistency in input level parameters. isRb on first (#1) input = 1, isRb on input # 5 (pitch) = 0. This might cause the processing to hang unpredictably or cause incomplete processing.
[ 18.06.2019 - 14:21:10 ]
    (WARN) [1] in instance 'lld.reader' : Mismatch in input level buffer sizes (levelconf.nT). Level #0 has size 2 which is smaller than the max. input size of all input levels (10). This might cause the processing to hang unpredictably or cause incomplete processing.
[ 18.06.2019 - 14:21:10 ]
    (WARN) [1] in instance 'lld.reader' : Mismatch in input level buffer sizes (levelconf.nT). Level #1 has size 2 which is smaller than the max. input size of all input levels (10). This might cause the processing to hang unpredictably or cause incomplete processing.
[ 18.06.2019 - 14:21:10 ]
    (WARN) [1] in instance 'lld.reader' : Mismatch in input level buffer sizes (levelconf.nT). Level #2 has size 2 which is smaller than the max. input size of all input levels (10). This might cause the processing to hang unpredictably or cause incomplete processing.
[ 18.06.2019 - 14:21:10 ]
    (WARN) [1] in instance 'lld.reader' : Mismatch in input level buffer sizes (levelconf.nT). Level #3 has size 2 which is smaller than the max. input size of all input levels (10). This might cause the processing to hang unpredictably or cause incomplete processing.
[ 18.06.2019 - 14:21:10 ]
    (WARN) [1] in instance 'lld2.reader' : Mismatch in input level buffer sizes (levelconf.nT). Level #0 has size 10 which is smaller than the max. input size of all input levels (100). This might cause the processing to hang unpredictably or cause incomplete processing.
[ 18.06.2019 - 14:21:10 ]
    (MSG) [2] in cComponentManager : successfully finished createInstances
                                 (30 component instances were finalised, 1 data memories were finalised)
[ 18.06.2019 - 14:21:10 ]
    (MSG) [2] in cComponentManager : starting single thread processing loop
[ 18.06.2019 - 14:21:10 ]
    (MSG) [2] in cPortaudioSource : recording from portAudio device with index 3
[ 18.06.2019 - 14:21:41 ]
    (MSG) [2] in cComponentManager : Processing finished! System ran for 6141455 ticks.
